<?xml version="1.0" encoding="UTF-8"?>
<testsuite xmlns:xsi="http://www.w3.org/2001/XMLSchema-instance" xsi:noNamespaceSchemaLocation="https://maven.apache.org/surefire/maven-surefire-plugin/xsd/surefire-test-report.xsd" name="com.anmol.bhargava.MainAppTest" time="0.1" tests="6" errors="0" skipped="0" failures="0">
  <properties>
[...]
</properties>
  <testcase name="checkInAndOutDateContainsReservation" classname="com.anmol.bhargava.MainAppTest" time="0.005"/>
  <testcase name="checkInDateInReservationRange" classname="com.anmol.bhargava.MainAppTest" time="0"/>
  <testcase name="checkInDateIsSame" classname="com.anmol.bhargava.MainAppTest" time="0.002"/>
  <testcase name="checkOutDateIsSame" classname="com.anmol.bhargava.MainAppTest" time="0"/>
  <testcase name="noRoomAvailable" classname="com.anmol.bhargava.MainAppTest" time="0.001"/>
  <testcase name="checkOutDateInReservationRange" classname="com.anmol.bhargava.MainAppTest" time="0.001"/>
</testsuite>